[debug] [2021-02-19T10:29:54.727Z] ----------------------------------------------------------------------
[debug] [2021-02-19T10:29:54.729Z] Command:       C:\Program Files\nodejs\node.exe C:\Users\Brandon\AppData\Roaming\npm\node_modules\firebase-tools\lib\bin\firebase.js deploy
[debug] [2021-02-19T10:29:54.729Z] CLI Version:   9.3.0
[debug] [2021-02-19T10:29:54.729Z] Platform:      win32
[debug] [2021-02-19T10:29:54.729Z] Node Version:  v14.15.4
[debug] [2021-02-19T10:29:54.730Z] Time:          Fri Feb 19 2021 05:29:54 GMT-0500 (Eastern Standard Time)
[debug] [2021-02-19T10:29:54.730Z] ----------------------------------------------------------------------
[debug] [2021-02-19T10:29:54.730Z] 
[debug] [2021-02-19T10:29:54.736Z] > command requires scopes: ["email","openid","https://www.googleapis.com/auth/cloudplatformprojects.readonly","https://www.googleapis.com/auth/firebase","https://www.googleapis.com/auth/cloud-platform"]
[debug] [2021-02-19T10:29:54.736Z] > authorizing via signed-in user
[debug] [2021-02-19T10:29:54.736Z] [iam] checking project app for permissions ["cloudfunctions.functions.create","cloudfunctions.functions.delete","cloudfunctions.functions.get","cloudfunctions.functions.list","cloudfunctions.functions.update","cloudfunctions.operations.get","firebase.projects.get","firebasehosting.sites.update","firebaserules.releases.create","firebaserules.releases.update","firebaserules.rulesets.create"]
[debug] [2021-02-19T10:29:54.739Z] >>> HTTP REQUEST POST https://cloudresourcemanager.googleapis.com/v1/projects/app:testIamPermissions  
 {"permissions":["cloudfunctions.functions.create","cloudfunctions.functions.delete","cloudfunctions.functions.get","cloudfunctions.functions.list","cloudfunctions.functions.update","cloudfunctions.operations.get","firebase.projects.get","firebasehosting.sites.update","firebaserules.releases.create","firebaserules.releases.update","firebaserules.rulesets.create"]}
[debug] [2021-02-19T10:29:55.155Z] <<< HTTP RESPONSE 200 {"content-type":"application/json; charset=UTF-8","vary":"X-Origin, Referer, Origin,Accept-Encoding","date":"Fri, 19 Feb 2021 10:29:31 GMT","server":"ESF","cache-control":"private","x-xss-protection":"0","x-frame-options":"SAMEORIGIN","x-content-type-options":"nosniff","server-timing":"gfet4t7; dur=171","alt-svc":"h3-29=\":443\"; ma=2592000,h3-T051=\":443\"; ma=2592000,h3-Q050=\":443\"; ma=2592000,h3-Q046=\":443\"; ma=2592000,h3-Q043=\":443\"; ma=2592000,quic=\":443\"; ma=2592000; v=\"46,43\"","accept-ranges":"none","transfer-encoding":"chunked"}
[debug] [2021-02-19T10:29:55.156Z] [iam] error while checking permissions, command may fail: FirebaseError: Authorization failed. This account is missing the following required permissions on project app:

  cloudfunctions.functions.create
  cloudfunctions.functions.delete
  cloudfunctions.functions.get
  cloudfunctions.functions.list
  cloudfunctions.functions.update
  cloudfunctions.operations.get
  firebase.projects.get
  firebasehosting.sites.update
  firebaserules.releases.create
  firebaserules.releases.update
  firebaserules.rulesets.create
[debug] [2021-02-19T10:29:55.156Z] >>> HTTP REQUEST POST https://iam.googleapis.com/v1/projects/app/serviceAccounts/app@appspot.gserviceaccount.com:testIamPermissions  
 {"permissions":["iam.serviceAccounts.actAs"]}
[debug] [2021-02-19T10:29:55.397Z] <<< HTTP RESPONSE 404 {"vary":"X-Origin, Referer, Origin,Accept-Encoding","content-type":"application/json; charset=UTF-8","date":"Fri, 19 Feb 2021 10:29:31 GMT","server":"ESF","cache-control":"private","x-xss-protection":"0","x-frame-options":"SAMEORIGIN","x-content-type-options":"nosniff","alt-svc":"h3-29=\":443\"; ma=2592000,h3-T051=\":443\"; ma=2592000,h3-Q050=\":443\"; ma=2592000,h3-Q046=\":443\"; ma=2592000,h3-Q043=\":443\"; ma=2592000,quic=\":443\"; ma=2592000; v=\"46,43\"","accept-ranges":"none","transfer-encoding":"chunked"}
[debug] [2021-02-19T10:29:55.397Z] <<< HTTP RESPONSE BODY {"error":{"code":404,"message":"Not found; Gaia id not found for email app@appspot.gserviceaccount.com","status":"NOT_FOUND"}}
[debug] [2021-02-19T10:29:55.403Z] [functions] service account IAM check errored, deploy may fail: HTTP Error: 404, Not found; Gaia id not found for email app@appspot.gserviceaccount.com {"name":"FirebaseError","children":[],"context":{"body":{"error":{"code":404,"message":"Not found; Gaia id not found for email app@appspot.gserviceaccount.com","status":"NOT_FOUND"}},"response":{"statusCode":404,"body":{"error":{"code":404,"message":"Not found; Gaia id not found for email app@appspot.gserviceaccount.com","status":"NOT_FOUND"}},"headers":{"vary":"X-Origin, Referer, Origin,Accept-Encoding","content-type":"application/json; charset=UTF-8","date":"Fri, 19 Feb 2021 10:29:31 GMT","server":"ESF","cache-control":"private","x-xss-protection":"0","x-frame-options":"SAMEORIGIN","x-content-type-options":"nosniff","alt-svc":"h3-29=\":443\"; ma=2592000,h3-T051=\":443\"; ma=2592000,h3-Q050=\":443\"; ma=2592000,h3-Q046=\":443\"; ma=2592000,h3-Q043=\":443\"; ma=2592000,quic=\":443\"; ma=2592000; v=\"46,43\"","accept-ranges":"none","transfer-encoding":"chunked"},"request":{"uri":{"protocol":"https:","slashes":true,"auth":null,"host":"iam.googleapis.com","port":443,"hostname":"iam.googleapis.com","hash":null,"search":null,"query":null,"pathname":"/v1/projects/app/serviceAccounts/app@appspot.gserviceaccount.com:testIamPermissions","path":"/v1/projects/app/serviceAccounts/app@appspot.gserviceaccount.com:testIamPermissions","href":"https://iam.googleapis.com/v1/projects/app/serviceAccounts/app@appspot.gserviceaccount.com:testIamPermissions"},"method":"POST"}}},"exit":1,"message":"HTTP Error: 404, Not found; Gaia id not found for email app@appspot.gserviceaccount.com","status":404}
[debug] [2021-02-19T10:29:55.407Z] > refreshing access token with scopes: []
[debug] [2021-02-19T10:29:55.407Z] >>> HTTP REQUEST POST https://www.googleapis.com/oauth2/v3/token  
 <request body omitted>
[debug] [2021-02-19T10:29:55.645Z] <<< HTTP RESPONSE 200 {"date":"Fri, 19 Feb 2021 10:29:31 GMT","pragma":"no-cache","cache-control":"no-cache, no-store, max-age=0, must-revalidate","expires":"Mon, 01 Jan 1990 00:00:00 GMT","content-type":"application/json; charset=utf-8","vary":"X-Origin, Referer, Origin,Accept-Encoding","server":"scaffolding on HTTPServer2","x-xss-protection":"0","x-frame-options":"SAMEORIGIN","x-content-type-options":"nosniff","alt-svc":"h3-29=\":443\"; ma=2592000,h3-T051=\":443\"; ma=2592000,h3-Q050=\":443\"; ma=2592000,h3-Q046=\":443\"; ma=2592000,h3-Q043=\":443\"; ma=2592000,quic=\":443\"; ma=2592000; v=\"46,43\"","accept-ranges":"none","transfer-encoding":"chunked"}
[debug] [2021-02-19T10:29:55.659Z] >>> [apiv2][query] GET https://firebase.googleapis.com/v1beta1/projects/app [none]
[debug] [2021-02-19T10:29:56.063Z] <<< [apiv2][status] GET https://firebase.googleapis.com/v1beta1/projects/app 403
[debug] [2021-02-19T10:29:56.064Z] <<< [apiv2][body] GET https://firebase.googleapis.com/v1beta1/projects/app {"error":{"code":403,"message":"The caller does not have permission","status":"PERMISSION_DENIED"}}
[debug] [2021-02-19T10:29:56.064Z] HTTP Error: 403, The caller does not have permission
[debug] [2021-02-19T10:29:56.260Z] FirebaseError: HTTP Error: 403, The caller does not have permission
    at module.exports (C:\Users\Brandon\AppData\Roaming\npm\node_modules\firebase-tools\lib\responseToError.js:38:12)
    at Client.doRequest (C:\Users\Brandon\AppData\Roaming\npm\node_modules\firebase-tools\lib\apiv2.js:227:23)
    at processTicksAndRejections (internal/process/task_queues.js:93:5)
    at async Client.request (C:\Users\Brandon\AppData\Roaming\npm\node_modules\firebase-tools\lib\apiv2.js:93:20)
    at async Object.getFirebaseProject (C:\Users\Brandon\AppData\Roaming\npm\node_modules\firebase-tools\lib\management\projects.js:289:21)
    at async Object.getDefaultHostingSite (C:\Users\Brandon\AppData\Roaming\npm\node_modules\firebase-tools\lib\getDefaultHostingSite.js:8:21)
    at async requireHostingSite (C:\Users\Brandon\AppData\Roaming\npm\node_modules\firebase-tools\lib\requireHostingSite.js:9:18)
    at async Object.fn (C:\Users\Brandon\AppData\Roaming\npm\node_modules\firebase-tools\lib\commands\deploy.js:66:9)
    at async C:\Users\Brandon\AppData\Roaming\npm\node_modules\firebase-tools\lib\command.js:161:17
[error] 
[error] Error: Failed to get Firebase project app. Please make sure the project exists and your account has permission to access it.
